<?xml version="1.0" encoding="UTF-8"?>
<!-- Generated by org.testng.reporters.JUnitReportReporter -->
<testsuite hostname="FOBXSCVLTR" name="tests.NewTest" tests="1" failures="0" timestamp="30 Jul 2018 22:57:46 GMT" time="14.720" errors="0">
  <testcase name="openMyBlog" time="14.720" classname="tests.NewTest"/>
</testsuite> <!-- tests.NewTest -->
